2024-12-14 14:32:11,312 - INFO - Starting experiments...
2024-12-14 14:32:11,312 - INFO - Starting experiment with fedavg
2024-12-14 14:32:11,312 - INFO - Initializing experiment with fedavg
2024-12-14 14:32:11,312 - INFO - Using device: cpu
2024-12-14 14:32:11,312 - INFO - Initializing global model
2024-12-14 14:32:11,318 - INFO - Loading and preparing data
2024-12-14 14:32:11,347 - INFO - Data loaded successfully. Number of clients: 5
2024-12-14 14:32:11,347 - INFO - Initializing clients
2024-12-14 14:32:11,348 - INFO - Initialized 5 clients successfully
2024-12-14 14:32:11,348 - INFO - 
Starting round 1/10
2024-12-14 14:32:11,348 - INFO - Training client 1/5 in round 1
2024-12-14 14:32:14,134 - INFO - Round 1, Client 1 training completed. Accuracy: 0.9548
2024-12-14 14:32:14,135 - INFO - Training client 2/5 in round 1
2024-12-14 14:32:16,924 - INFO - Round 1, Client 2 training completed. Accuracy: 0.9484
2024-12-14 14:32:16,924 - INFO - Training client 3/5 in round 1
2024-12-14 14:32:19,809 - INFO - Round 1, Client 3 training completed. Accuracy: 0.9557
2024-12-14 14:32:19,809 - INFO - Training client 4/5 in round 1
2024-12-14 14:32:22,727 - INFO - Round 1, Client 4 training completed. Accuracy: 0.9519
2024-12-14 14:32:22,727 - INFO - Training client 5/5 in round 1
2024-12-14 14:32:25,676 - INFO - Round 1, Client 5 training completed. Accuracy: 0.9507
2024-12-14 14:32:25,676 - INFO - Aggregating models for round 1
2024-12-14 14:32:26,030 - INFO - Round 1 completed. Global accuracy: 0.9432
2024-12-14 14:32:26,030 - INFO - 
Starting round 2/10
2024-12-14 14:32:26,030 - INFO - Training client 1/5 in round 2
2024-12-14 14:32:29,006 - INFO - Round 2, Client 1 training completed. Accuracy: 0.9662
2024-12-14 14:32:29,007 - INFO - Training client 2/5 in round 2
2024-12-14 14:32:32,006 - INFO - Round 2, Client 2 training completed. Accuracy: 0.9629
2024-12-14 14:32:32,006 - INFO - Training client 3/5 in round 2
2024-12-14 14:32:34,994 - INFO - Round 2, Client 3 training completed. Accuracy: 0.9681
2024-12-14 14:32:34,994 - INFO - Training client 4/5 in round 2
2024-12-14 14:32:38,019 - INFO - Round 2, Client 4 training completed. Accuracy: 0.9524
2024-12-14 14:32:38,020 - INFO - Training client 5/5 in round 2
2024-12-14 14:32:41,056 - INFO - Round 2, Client 5 training completed. Accuracy: 0.9623
2024-12-14 14:32:41,056 - INFO - Aggregating models for round 2
2024-12-14 14:32:41,422 - INFO - Round 2 completed. Global accuracy: 0.9599
2024-12-14 14:32:41,423 - INFO - 
Starting round 3/10
2024-12-14 14:32:41,423 - INFO - Training client 1/5 in round 3
2024-12-14 14:32:44,473 - INFO - Round 3, Client 1 training completed. Accuracy: 0.9742
2024-12-14 14:32:44,473 - INFO - Training client 2/5 in round 3
2024-12-14 14:32:47,547 - INFO - Round 3, Client 2 training completed. Accuracy: 0.9760
2024-12-14 14:32:47,547 - INFO - Training client 3/5 in round 3
2024-12-14 14:32:50,604 - INFO - Round 3, Client 3 training completed. Accuracy: 0.9797
2024-12-14 14:32:50,604 - INFO - Training client 4/5 in round 3
2024-12-14 14:32:53,683 - INFO - Round 3, Client 4 training completed. Accuracy: 0.9726
2024-12-14 14:32:53,683 - INFO - Training client 5/5 in round 3
2024-12-14 14:32:56,770 - INFO - Round 3, Client 5 training completed. Accuracy: 0.9750
2024-12-14 14:32:56,771 - INFO - Aggregating models for round 3
2024-12-14 14:32:57,143 - INFO - Round 3 completed. Global accuracy: 0.9683
2024-12-14 14:32:57,143 - INFO - 
Starting round 4/10
2024-12-14 14:32:57,144 - INFO - Training client 1/5 in round 4
2024-12-14 14:33:00,236 - INFO - Round 4, Client 1 training completed. Accuracy: 0.9712
2024-12-14 14:33:00,236 - INFO - Training client 2/5 in round 4
2024-12-14 14:33:03,339 - INFO - Round 4, Client 2 training completed. Accuracy: 0.9757
2024-12-14 14:33:03,339 - INFO - Training client 3/5 in round 4
2024-12-14 14:33:06,452 - INFO - Round 4, Client 3 training completed. Accuracy: 0.9790
2024-12-14 14:33:06,452 - INFO - Training client 4/5 in round 4
2024-12-14 14:33:09,584 - INFO - Round 4, Client 4 training completed. Accuracy: 0.9752
2024-12-14 14:33:09,584 - INFO - Training client 5/5 in round 4
2024-12-14 14:33:12,810 - INFO - Round 4, Client 5 training completed. Accuracy: 0.9812
2024-12-14 14:33:12,810 - INFO - Aggregating models for round 4
2024-12-14 14:33:13,199 - INFO - Round 4 completed. Global accuracy: 0.9721
2024-12-14 14:33:13,199 - INFO - 
Starting round 5/10
2024-12-14 14:33:13,199 - INFO - Training client 1/5 in round 5
2024-12-14 14:33:16,419 - INFO - Round 5, Client 1 training completed. Accuracy: 0.9808
2024-12-14 14:33:16,420 - INFO - Training client 2/5 in round 5
2024-12-14 14:33:19,628 - INFO - Round 5, Client 2 training completed. Accuracy: 0.9788
2024-12-14 14:33:19,629 - INFO - Training client 3/5 in round 5
2024-12-14 14:33:22,778 - INFO - Round 5, Client 3 training completed. Accuracy: 0.9824
2024-12-14 14:33:22,778 - INFO - Training client 4/5 in round 5
2024-12-14 14:33:25,930 - INFO - Round 5, Client 4 training completed. Accuracy: 0.9768
2024-12-14 14:33:25,930 - INFO - Training client 5/5 in round 5
2024-12-14 14:33:29,214 - INFO - Round 5, Client 5 training completed. Accuracy: 0.9736
2024-12-14 14:33:29,214 - INFO - Aggregating models for round 5
2024-12-14 14:33:29,632 - INFO - Round 5 completed. Global accuracy: 0.9740
2024-12-14 14:33:29,632 - INFO - 
Starting round 6/10
2024-12-14 14:33:29,632 - INFO - Training client 1/5 in round 6
2024-12-14 14:33:33,034 - INFO - Round 6, Client 1 training completed. Accuracy: 0.9822
2024-12-14 14:33:33,035 - INFO - Training client 2/5 in round 6
2024-12-14 14:33:36,291 - INFO - Round 6, Client 2 training completed. Accuracy: 0.9851
2024-12-14 14:33:36,291 - INFO - Training client 3/5 in round 6
2024-12-14 14:33:39,525 - INFO - Round 6, Client 3 training completed. Accuracy: 0.9849
2024-12-14 14:33:39,525 - INFO - Training client 4/5 in round 6
2024-12-14 14:33:42,767 - INFO - Round 6, Client 4 training completed. Accuracy: 0.9763
2024-12-14 14:33:42,767 - INFO - Training client 5/5 in round 6
2024-12-14 14:33:45,986 - INFO - Round 6, Client 5 training completed. Accuracy: 0.9820
2024-12-14 14:33:45,986 - INFO - Aggregating models for round 6
2024-12-14 14:33:46,374 - INFO - Round 6 completed. Global accuracy: 0.9751
2024-12-14 14:33:46,375 - INFO - 
Starting round 7/10
2024-12-14 14:33:46,375 - INFO - Training client 1/5 in round 7
2024-12-14 14:33:49,608 - INFO - Round 7, Client 1 training completed. Accuracy: 0.9885
2024-12-14 14:33:49,608 - INFO - Training client 2/5 in round 7
2024-12-14 14:33:52,851 - INFO - Round 7, Client 2 training completed. Accuracy: 0.9860
2024-12-14 14:33:52,851 - INFO - Training client 3/5 in round 7
2024-12-14 14:33:56,108 - INFO - Round 7, Client 3 training completed. Accuracy: 0.9843
2024-12-14 14:33:56,108 - INFO - Training client 4/5 in round 7
2024-12-14 14:33:59,372 - INFO - Round 7, Client 4 training completed. Accuracy: 0.9848
2024-12-14 14:33:59,372 - INFO - Training client 5/5 in round 7
2024-12-14 14:34:02,617 - INFO - Round 7, Client 5 training completed. Accuracy: 0.9841
2024-12-14 14:34:02,617 - INFO - Aggregating models for round 7
2024-12-14 14:34:03,002 - INFO - Round 7 completed. Global accuracy: 0.9771
2024-12-14 14:34:03,002 - INFO - 
Starting round 8/10
2024-12-14 14:34:03,003 - INFO - Training client 1/5 in round 8
2024-12-14 14:34:06,280 - INFO - Round 8, Client 1 training completed. Accuracy: 0.9852
2024-12-14 14:34:06,280 - INFO - Training client 2/5 in round 8
2024-12-14 14:34:09,546 - INFO - Round 8, Client 2 training completed. Accuracy: 0.9882
2024-12-14 14:34:09,546 - INFO - Training client 3/5 in round 8
2024-12-14 14:34:12,809 - INFO - Round 8, Client 3 training completed. Accuracy: 0.9870
2024-12-14 14:34:12,810 - INFO - Training client 4/5 in round 8
2024-12-14 14:34:16,133 - INFO - Round 8, Client 4 training completed. Accuracy: 0.9855
2024-12-14 14:34:16,133 - INFO - Training client 5/5 in round 8
2024-12-14 14:34:19,485 - INFO - Round 8, Client 5 training completed. Accuracy: 0.9869
2024-12-14 14:34:19,485 - INFO - Aggregating models for round 8
2024-12-14 14:34:19,880 - INFO - Round 8 completed. Global accuracy: 0.9785
2024-12-14 14:34:19,880 - INFO - 
Starting round 9/10
2024-12-14 14:34:19,880 - INFO - Training client 1/5 in round 9
2024-12-14 14:34:23,145 - INFO - Round 9, Client 1 training completed. Accuracy: 0.9877
2024-12-14 14:34:23,145 - INFO - Training client 2/5 in round 9
2024-12-14 14:34:26,417 - INFO - Round 9, Client 2 training completed. Accuracy: 0.9884
2024-12-14 14:34:26,417 - INFO - Training client 3/5 in round 9
2024-12-14 14:34:29,719 - INFO - Round 9, Client 3 training completed. Accuracy: 0.9863
2024-12-14 14:34:29,719 - INFO - Training client 4/5 in round 9
2024-12-14 14:34:32,971 - INFO - Round 9, Client 4 training completed. Accuracy: 0.9843
2024-12-14 14:34:32,971 - INFO - Training client 5/5 in round 9
2024-12-14 14:34:36,231 - INFO - Round 9, Client 5 training completed. Accuracy: 0.9903
2024-12-14 14:34:36,232 - INFO - Aggregating models for round 9
2024-12-14 14:34:36,628 - INFO - Round 9 completed. Global accuracy: 0.9777
2024-12-14 14:34:36,628 - INFO - 
Starting round 10/10
2024-12-14 14:34:36,628 - INFO - Training client 1/5 in round 10
2024-12-14 14:34:39,908 - INFO - Round 10, Client 1 training completed. Accuracy: 0.9890
2024-12-14 14:34:39,908 - INFO - Training client 2/5 in round 10
2024-12-14 14:34:43,208 - INFO - Round 10, Client 2 training completed. Accuracy: 0.9896
2024-12-14 14:34:43,208 - INFO - Training client 3/5 in round 10
2024-12-14 14:34:46,515 - INFO - Round 10, Client 3 training completed. Accuracy: 0.9903
2024-12-14 14:34:46,515 - INFO - Training client 4/5 in round 10
2024-12-14 14:34:49,798 - INFO - Round 10, Client 4 training completed. Accuracy: 0.9903
2024-12-14 14:34:49,798 - INFO - Training client 5/5 in round 10
2024-12-14 14:34:53,074 - INFO - Round 10, Client 5 training completed. Accuracy: 0.9919
2024-12-14 14:34:53,075 - INFO - Aggregating models for round 10
2024-12-14 14:34:53,466 - INFO - Round 10 completed. Global accuracy: 0.9788
2024-12-14 14:34:53,468 - INFO - Experiment with fedavg completed successfully
2024-12-14 14:34:53,469 - INFO - Completed experiment with fedavg
2024-12-14 14:34:53,469 - INFO - Starting experiment with fedprox
2024-12-14 14:34:53,469 - INFO - Initializing experiment with fedprox
2024-12-14 14:34:53,469 - INFO - Using device: cpu
2024-12-14 14:34:53,469 - INFO - Initializing global model
2024-12-14 14:34:53,469 - INFO - Loading and preparing data
2024-12-14 14:34:53,491 - INFO - Data loaded successfully. Number of clients: 5
2024-12-14 14:34:53,491 - INFO - Initializing clients
2024-12-14 14:34:53,493 - INFO - Initialized 5 clients successfully
2024-12-14 14:34:53,493 - INFO - 
Starting round 1/10
2024-12-14 14:34:53,493 - INFO - Training client 1/5 in round 1
2024-12-14 14:34:57,288 - INFO - Round 1, Client 1 training completed. Accuracy: 0.9243
2024-12-14 14:34:57,288 - INFO - Training client 2/5 in round 1
2024-12-14 14:35:01,116 - INFO - Round 1, Client 2 training completed. Accuracy: 0.9274
2024-12-14 14:35:01,117 - INFO - Training client 3/5 in round 1
2024-12-14 14:35:04,922 - INFO - Round 1, Client 3 training completed. Accuracy: 0.9353
2024-12-14 14:35:04,922 - INFO - Training client 4/5 in round 1
2024-12-14 14:35:08,717 - INFO - Round 1, Client 4 training completed. Accuracy: 0.9371
2024-12-14 14:35:08,717 - INFO - Training client 5/5 in round 1
2024-12-14 14:35:12,497 - INFO - Round 1, Client 5 training completed. Accuracy: 0.9298
2024-12-14 14:35:12,497 - INFO - Aggregating models for round 1
2024-12-14 14:35:12,909 - INFO - Round 1 completed. Global accuracy: 0.9273
2024-12-14 14:35:12,909 - INFO - 
Starting round 2/10
2024-12-14 14:35:12,909 - INFO - Training client 1/5 in round 2
2024-12-14 14:35:16,695 - INFO - Round 2, Client 1 training completed. Accuracy: 0.9433
2024-12-14 14:35:16,695 - INFO - Training client 2/5 in round 2
2024-12-14 14:35:20,471 - INFO - Round 2, Client 2 training completed. Accuracy: 0.9537
2024-12-14 14:35:20,471 - INFO - Training client 3/5 in round 2
2024-12-14 14:35:24,294 - INFO - Round 2, Client 3 training completed. Accuracy: 0.9390
2024-12-14 14:35:24,294 - INFO - Training client 4/5 in round 2
2024-12-14 14:35:28,080 - INFO - Round 2, Client 4 training completed. Accuracy: 0.9378
2024-12-14 14:35:28,080 - INFO - Training client 5/5 in round 2
2024-12-14 14:35:31,844 - INFO - Round 2, Client 5 training completed. Accuracy: 0.9537
2024-12-14 14:35:31,844 - INFO - Aggregating models for round 2
2024-12-14 14:35:32,242 - INFO - Round 2 completed. Global accuracy: 0.9524
2024-12-14 14:35:32,243 - INFO - 
Starting round 3/10
2024-12-14 14:35:32,243 - INFO - Training client 1/5 in round 3
2024-12-14 14:35:36,035 - INFO - Round 3, Client 1 training completed. Accuracy: 0.9557
2024-12-14 14:35:36,036 - INFO - Training client 2/5 in round 3
2024-12-14 14:35:39,879 - INFO - Round 3, Client 2 training completed. Accuracy: 0.9453
2024-12-14 14:35:39,879 - INFO - Training client 3/5 in round 3
2024-12-14 14:35:43,722 - INFO - Round 3, Client 3 training completed. Accuracy: 0.9454
2024-12-14 14:35:43,722 - INFO - Training client 4/5 in round 3
2024-12-14 14:35:47,565 - INFO - Round 3, Client 4 training completed. Accuracy: 0.9561
2024-12-14 14:35:47,565 - INFO - Training client 5/5 in round 3
2024-12-14 14:35:51,451 - INFO - Round 3, Client 5 training completed. Accuracy: 0.9583
2024-12-14 14:35:51,451 - INFO - Aggregating models for round 3
2024-12-14 14:35:51,862 - INFO - Round 3 completed. Global accuracy: 0.9598
2024-12-14 14:35:51,862 - INFO - 
Starting round 4/10
2024-12-14 14:35:51,862 - INFO - Training client 1/5 in round 4
2024-12-14 14:35:55,803 - INFO - Round 4, Client 1 training completed. Accuracy: 0.9631
2024-12-14 14:35:55,803 - INFO - Training client 2/5 in round 4
2024-12-14 14:35:59,838 - INFO - Round 4, Client 2 training completed. Accuracy: 0.9693
2024-12-14 14:35:59,838 - INFO - Training client 3/5 in round 4
2024-12-14 14:36:04,039 - INFO - Round 4, Client 3 training completed. Accuracy: 0.9511
2024-12-14 14:36:04,039 - INFO - Training client 4/5 in round 4
2024-12-14 14:36:08,576 - INFO - Round 4, Client 4 training completed. Accuracy: 0.9651
2024-12-14 14:36:08,576 - INFO - Training client 5/5 in round 4
2024-12-14 14:36:12,910 - INFO - Round 4, Client 5 training completed. Accuracy: 0.9547
2024-12-14 14:36:12,910 - INFO - Aggregating models for round 4
2024-12-14 14:36:13,344 - INFO - Round 4 completed. Global accuracy: 0.9648
2024-12-14 14:36:13,344 - INFO - 
Starting round 5/10
2024-12-14 14:36:13,344 - INFO - Training client 1/5 in round 5
2024-12-14 14:36:17,487 - INFO - Round 5, Client 1 training completed. Accuracy: 0.9659
2024-12-14 14:36:17,487 - INFO - Training client 2/5 in round 5
2024-12-14 14:36:21,629 - INFO - Round 5, Client 2 training completed. Accuracy: 0.9583
2024-12-14 14:36:21,629 - INFO - Training client 3/5 in round 5
2024-12-14 14:36:25,789 - INFO - Round 5, Client 3 training completed. Accuracy: 0.9681
2024-12-14 14:36:25,790 - INFO - Training client 4/5 in round 5
2024-12-14 14:36:29,995 - INFO - Round 5, Client 4 training completed. Accuracy: 0.9580
2024-12-14 14:36:29,995 - INFO - Training client 5/5 in round 5
2024-12-14 14:36:34,194 - INFO - Round 5, Client 5 training completed. Accuracy: 0.9643
2024-12-14 14:36:34,194 - INFO - Aggregating models for round 5
2024-12-14 14:36:34,637 - INFO - Round 5 completed. Global accuracy: 0.9679
2024-12-14 14:36:34,638 - INFO - 
Starting round 6/10
2024-12-14 14:36:34,638 - INFO - Training client 1/5 in round 6
2024-12-14 14:36:38,834 - INFO - Round 6, Client 1 training completed. Accuracy: 0.9698
2024-12-14 14:36:38,834 - INFO - Training client 2/5 in round 6
2024-12-14 14:36:43,007 - INFO - Round 6, Client 2 training completed. Accuracy: 0.9740
2024-12-14 14:36:43,007 - INFO - Training client 3/5 in round 6
2024-12-14 14:36:47,159 - INFO - Round 6, Client 3 training completed. Accuracy: 0.9641
2024-12-14 14:36:47,159 - INFO - Training client 4/5 in round 6
2024-12-14 14:36:51,321 - INFO - Round 6, Client 4 training completed. Accuracy: 0.9711
2024-12-14 14:36:51,321 - INFO - Training client 5/5 in round 6
2024-12-14 14:36:55,480 - INFO - Round 6, Client 5 training completed. Accuracy: 0.9633
2024-12-14 14:36:55,480 - INFO - Aggregating models for round 6
2024-12-14 14:36:55,914 - INFO - Round 6 completed. Global accuracy: 0.9706
2024-12-14 14:36:55,914 - INFO - 
Starting round 7/10
2024-12-14 14:36:55,914 - INFO - Training client 1/5 in round 7
2024-12-14 14:37:00,076 - INFO - Round 7, Client 1 training completed. Accuracy: 0.9742
2024-12-14 14:37:00,076 - INFO - Training client 2/5 in round 7
2024-12-14 14:37:04,215 - INFO - Round 7, Client 2 training completed. Accuracy: 0.9780
2024-12-14 14:37:04,215 - INFO - Training client 3/5 in round 7
2024-12-14 14:37:08,378 - INFO - Round 7, Client 3 training completed. Accuracy: 0.9765
2024-12-14 14:37:08,378 - INFO - Training client 4/5 in round 7
2024-12-14 14:37:12,642 - INFO - Round 7, Client 4 training completed. Accuracy: 0.9741
2024-12-14 14:37:12,642 - INFO - Training client 5/5 in round 7
2024-12-14 14:37:17,022 - INFO - Round 7, Client 5 training completed. Accuracy: 0.9708
2024-12-14 14:37:17,022 - INFO - Aggregating models for round 7
2024-12-14 14:37:17,470 - INFO - Round 7 completed. Global accuracy: 0.9735
2024-12-14 14:37:17,470 - INFO - 
Starting round 8/10
2024-12-14 14:37:17,471 - INFO - Training client 1/5 in round 8
2024-12-14 14:37:21,757 - INFO - Round 8, Client 1 training completed. Accuracy: 0.9749
2024-12-14 14:37:21,757 - INFO - Training client 2/5 in round 8
2024-12-14 14:37:26,060 - INFO - Round 8, Client 2 training completed. Accuracy: 0.9716
2024-12-14 14:37:26,060 - INFO - Training client 3/5 in round 8
2024-12-14 14:37:30,395 - INFO - Round 8, Client 3 training completed. Accuracy: 0.9762
2024-12-14 14:37:30,395 - INFO - Training client 4/5 in round 8
2024-12-14 14:37:34,686 - INFO - Round 8, Client 4 training completed. Accuracy: 0.9810
2024-12-14 14:37:34,687 - INFO - Training client 5/5 in round 8
2024-12-14 14:37:38,970 - INFO - Round 8, Client 5 training completed. Accuracy: 0.9730
2024-12-14 14:37:38,970 - INFO - Aggregating models for round 8
2024-12-14 14:37:39,413 - INFO - Round 8 completed. Global accuracy: 0.9740
2024-12-14 14:37:39,413 - INFO - 
Starting round 9/10
2024-12-14 14:37:39,413 - INFO - Training client 1/5 in round 9
2024-12-14 14:37:43,676 - INFO - Round 9, Client 1 training completed. Accuracy: 0.9806
2024-12-14 14:37:43,677 - INFO - Training client 2/5 in round 9
2024-12-14 14:37:47,941 - INFO - Round 9, Client 2 training completed. Accuracy: 0.9748
2024-12-14 14:37:47,941 - INFO - Training client 3/5 in round 9
2024-12-14 14:37:52,242 - INFO - Round 9, Client 3 training completed. Accuracy: 0.9778
2024-12-14 14:37:52,242 - INFO - Training client 4/5 in round 9
2024-12-14 14:37:56,632 - INFO - Round 9, Client 4 training completed. Accuracy: 0.9784
2024-12-14 14:37:56,632 - INFO - Training client 5/5 in round 9
2024-12-14 14:38:00,934 - INFO - Round 9, Client 5 training completed. Accuracy: 0.9812
2024-12-14 14:38:00,934 - INFO - Aggregating models for round 9
2024-12-14 14:38:01,365 - INFO - Round 9 completed. Global accuracy: 0.9763
2024-12-14 14:38:01,366 - INFO - 
Starting round 10/10
2024-12-14 14:38:01,366 - INFO - Training client 1/5 in round 10
2024-12-14 14:38:05,469 - INFO - Round 10, Client 1 training completed. Accuracy: 0.9718
2024-12-14 14:38:05,469 - INFO - Training client 2/5 in round 10
2024-12-14 14:38:09,567 - INFO - Round 10, Client 2 training completed. Accuracy: 0.9782
2024-12-14 14:38:09,567 - INFO - Training client 3/5 in round 10
2024-12-14 14:38:13,700 - INFO - Round 10, Client 3 training completed. Accuracy: 0.9779
2024-12-14 14:38:13,700 - INFO - Training client 4/5 in round 10
2024-12-14 14:38:17,783 - INFO - Round 10, Client 4 training completed. Accuracy: 0.9787
2024-12-14 14:38:17,783 - INFO - Training client 5/5 in round 10
2024-12-14 14:38:21,918 - INFO - Round 10, Client 5 training completed. Accuracy: 0.9816
2024-12-14 14:38:21,918 - INFO - Aggregating models for round 10
2024-12-14 14:38:22,345 - INFO - Round 10 completed. Global accuracy: 0.9756
2024-12-14 14:38:22,347 - INFO - Experiment with fedprox completed successfully
2024-12-14 14:38:22,348 - INFO - Completed experiment with fedprox
2024-12-14 14:38:22,348 - INFO - Starting experiment with cwt
2024-12-14 14:38:22,348 - INFO - Initializing experiment with cwt
2024-12-14 14:38:22,348 - INFO - Using device: cpu
2024-12-14 14:38:22,348 - INFO - Initializing global model
2024-12-14 14:38:22,348 - INFO - Loading and preparing data
2024-12-14 14:38:22,371 - INFO - Data loaded successfully. Number of clients: 5
2024-12-14 14:38:22,371 - INFO - Initializing clients
2024-12-14 14:38:22,373 - INFO - Initialized 5 clients successfully
2024-12-14 14:38:22,373 - INFO - 
Starting round 1/10
2024-12-14 14:38:22,373 - INFO - Training client 1/5 in round 1
2024-12-14 14:38:26,084 - INFO - Round 1, Client 1 training completed. Accuracy: 0.9526
2024-12-14 14:38:26,084 - INFO - Training client 2/5 in round 1
2024-12-14 14:38:29,729 - INFO - Round 1, Client 2 training completed. Accuracy: 0.9305
2024-12-14 14:38:29,729 - INFO - Training client 3/5 in round 1
2024-12-14 14:38:33,438 - INFO - Round 1, Client 3 training completed. Accuracy: 0.9517
2024-12-14 14:38:33,438 - INFO - Training client 4/5 in round 1
2024-12-14 14:38:37,102 - INFO - Round 1, Client 4 training completed. Accuracy: 0.9515
2024-12-14 14:38:37,102 - INFO - Training client 5/5 in round 1
2024-12-14 14:38:40,818 - INFO - Round 1, Client 5 training completed. Accuracy: 0.9431
2024-12-14 14:38:40,818 - INFO - Aggregating models for round 1
2024-12-14 14:38:41,271 - INFO - Round 1 completed. Global accuracy: 0.9406
2024-12-14 14:38:41,271 - INFO - 
Starting round 2/10
2024-12-14 14:38:41,271 - INFO - Training client 1/5 in round 2
2024-12-14 14:38:44,987 - INFO - Round 2, Client 1 training completed. Accuracy: 0.9671
2024-12-14 14:38:44,987 - INFO - Training client 2/5 in round 2
2024-12-14 14:38:48,708 - INFO - Round 2, Client 2 training completed. Accuracy: 0.9625
2024-12-14 14:38:48,709 - INFO - Training client 3/5 in round 2
2024-12-14 14:38:52,397 - INFO - Round 2, Client 3 training completed. Accuracy: 0.9637
2024-12-14 14:38:52,397 - INFO - Training client 4/5 in round 2
2024-12-14 14:38:56,204 - INFO - Round 2, Client 4 training completed. Accuracy: 0.9642
2024-12-14 14:38:56,204 - INFO - Training client 5/5 in round 2
2024-12-14 14:39:00,047 - INFO - Round 2, Client 5 training completed. Accuracy: 0.9639
2024-12-14 14:39:00,047 - INFO - Aggregating models for round 2
2024-12-14 14:39:00,506 - INFO - Round 2 completed. Global accuracy: 0.9480
2024-12-14 14:39:00,506 - INFO - 
Starting round 3/10
2024-12-14 14:39:00,506 - INFO - Training client 1/5 in round 3
2024-12-14 14:39:04,284 - INFO - Round 3, Client 1 training completed. Accuracy: 0.9707
2024-12-14 14:39:04,284 - INFO - Training client 2/5 in round 3
2024-12-14 14:39:08,080 - INFO - Round 3, Client 2 training completed. Accuracy: 0.9765
2024-12-14 14:39:08,081 - INFO - Training client 3/5 in round 3
2024-12-14 14:39:11,886 - INFO - Round 3, Client 3 training completed. Accuracy: 0.9748
2024-12-14 14:39:11,886 - INFO - Training client 4/5 in round 3
2024-12-14 14:39:15,604 - INFO - Round 3, Client 4 training completed. Accuracy: 0.9710
2024-12-14 14:39:15,604 - INFO - Training client 5/5 in round 3
2024-12-14 14:39:19,350 - INFO - Round 3, Client 5 training completed. Accuracy: 0.9647
2024-12-14 14:39:19,350 - INFO - Aggregating models for round 3
2024-12-14 14:39:19,802 - INFO - Round 3 completed. Global accuracy: 0.9597
2024-12-14 14:39:19,802 - INFO - 
Starting round 4/10
2024-12-14 14:39:19,802 - INFO - Training client 1/5 in round 4
2024-12-14 14:39:23,587 - INFO - Round 4, Client 1 training completed. Accuracy: 0.9784
2024-12-14 14:39:23,587 - INFO - Training client 2/5 in round 4
2024-12-14 14:39:27,332 - INFO - Round 4, Client 2 training completed. Accuracy: 0.9744
2024-12-14 14:39:27,332 - INFO - Training client 3/5 in round 4
2024-12-14 14:39:31,216 - INFO - Round 4, Client 3 training completed. Accuracy: 0.9855
2024-12-14 14:39:31,216 - INFO - Training client 4/5 in round 4
2024-12-14 14:39:35,036 - INFO - Round 4, Client 4 training completed. Accuracy: 0.9739
2024-12-14 14:39:35,036 - INFO - Training client 5/5 in round 4
2024-12-14 14:39:38,708 - INFO - Round 4, Client 5 training completed. Accuracy: 0.9772
2024-12-14 14:39:38,708 - INFO - Aggregating models for round 4
2024-12-14 14:39:39,143 - INFO - Round 4 completed. Global accuracy: 0.9601
2024-12-14 14:39:39,144 - INFO - 
Starting round 5/10
2024-12-14 14:39:39,144 - INFO - Training client 1/5 in round 5
2024-12-14 14:39:42,887 - INFO - Round 5, Client 1 training completed. Accuracy: 0.9817
2024-12-14 14:39:42,887 - INFO - Training client 2/5 in round 5
2024-12-14 14:39:46,627 - INFO - Round 5, Client 2 training completed. Accuracy: 0.9842
2024-12-14 14:39:46,627 - INFO - Training client 3/5 in round 5
2024-12-14 14:39:50,357 - INFO - Round 5, Client 3 training completed. Accuracy: 0.9852
2024-12-14 14:39:50,357 - INFO - Training client 4/5 in round 5
2024-12-14 14:39:54,187 - INFO - Round 5, Client 4 training completed. Accuracy: 0.9795
2024-12-14 14:39:54,187 - INFO - Training client 5/5 in round 5
2024-12-14 14:39:57,919 - INFO - Round 5, Client 5 training completed. Accuracy: 0.9783
2024-12-14 14:39:57,919 - INFO - Aggregating models for round 5
2024-12-14 14:39:58,378 - INFO - Round 5 completed. Global accuracy: 0.9660
2024-12-14 14:39:58,378 - INFO - 
Starting round 6/10
2024-12-14 14:39:58,378 - INFO - Training client 1/5 in round 6
2024-12-14 14:40:02,241 - INFO - Round 6, Client 1 training completed. Accuracy: 0.9831
2024-12-14 14:40:02,241 - INFO - Training client 2/5 in round 6
2024-12-14 14:40:05,991 - INFO - Round 6, Client 2 training completed. Accuracy: 0.9821
2024-12-14 14:40:05,991 - INFO - Training client 3/5 in round 6
2024-12-14 14:40:09,718 - INFO - Round 6, Client 3 training completed. Accuracy: 0.9866
2024-12-14 14:40:09,718 - INFO - Training client 4/5 in round 6
2024-12-14 14:40:13,477 - INFO - Round 6, Client 4 training completed. Accuracy: 0.9828
2024-12-14 14:40:13,477 - INFO - Training client 5/5 in round 6
2024-12-14 14:40:17,210 - INFO - Round 6, Client 5 training completed. Accuracy: 0.9840
2024-12-14 14:40:17,210 - INFO - Aggregating models for round 6
2024-12-14 14:40:17,650 - INFO - Round 6 completed. Global accuracy: 0.9674
2024-12-14 14:40:17,650 - INFO - 
Starting round 7/10
2024-12-14 14:40:17,650 - INFO - Training client 1/5 in round 7
2024-12-14 14:40:21,402 - INFO - Round 7, Client 1 training completed. Accuracy: 0.9844
2024-12-14 14:40:21,403 - INFO - Training client 2/5 in round 7
2024-12-14 14:40:25,099 - INFO - Round 7, Client 2 training completed. Accuracy: 0.9828
2024-12-14 14:40:25,099 - INFO - Training client 3/5 in round 7
2024-12-14 14:40:28,825 - INFO - Round 7, Client 3 training completed. Accuracy: 0.9826
2024-12-14 14:40:28,825 - INFO - Training client 4/5 in round 7
2024-12-14 14:40:32,750 - INFO - Round 7, Client 4 training completed. Accuracy: 0.9833
2024-12-14 14:40:32,750 - INFO - Training client 5/5 in round 7
2024-12-14 14:40:36,627 - INFO - Round 7, Client 5 training completed. Accuracy: 0.9849
2024-12-14 14:40:36,627 - INFO - Aggregating models for round 7
2024-12-14 14:40:37,092 - INFO - Round 7 completed. Global accuracy: 0.9664
2024-12-14 14:40:37,092 - INFO - 
Starting round 8/10
2024-12-14 14:40:37,092 - INFO - Training client 1/5 in round 8
2024-12-14 14:40:41,033 - INFO - Round 8, Client 1 training completed. Accuracy: 0.9888
2024-12-14 14:40:41,034 - INFO - Training client 2/5 in round 8
2024-12-14 14:40:44,893 - INFO - Round 8, Client 2 training completed. Accuracy: 0.9901
2024-12-14 14:40:44,893 - INFO - Training client 3/5 in round 8
2024-12-14 14:40:48,651 - INFO - Round 8, Client 3 training completed. Accuracy: 0.9880
2024-12-14 14:40:48,651 - INFO - Training client 4/5 in round 8
2024-12-14 14:40:52,359 - INFO - Round 8, Client 4 training completed. Accuracy: 0.9788
2024-12-14 14:40:52,359 - INFO - Training client 5/5 in round 8
2024-12-14 14:40:56,063 - INFO - Round 8, Client 5 training completed. Accuracy: 0.9788
2024-12-14 14:40:56,063 - INFO - Aggregating models for round 8
2024-12-14 14:40:56,501 - INFO - Round 8 completed. Global accuracy: 0.9686
2024-12-14 14:40:56,502 - INFO - 
Starting round 9/10
2024-12-14 14:40:56,502 - INFO - Training client 1/5 in round 9
2024-12-14 14:41:00,196 - INFO - Round 9, Client 1 training completed. Accuracy: 0.9888
2024-12-14 14:41:00,197 - INFO - Training client 2/5 in round 9
2024-12-14 14:41:03,904 - INFO - Round 9, Client 2 training completed. Accuracy: 0.9799
2024-12-14 14:41:03,904 - INFO - Training client 3/5 in round 9
2024-12-14 14:41:07,691 - INFO - Round 9, Client 3 training completed. Accuracy: 0.9927
2024-12-14 14:41:07,691 - INFO - Training client 4/5 in round 9
2024-12-14 14:41:11,422 - INFO - Round 9, Client 4 training completed. Accuracy: 0.9839
2024-12-14 14:41:11,422 - INFO - Training client 5/5 in round 9
2024-12-14 14:41:15,118 - INFO - Round 9, Client 5 training completed. Accuracy: 0.9837
2024-12-14 14:41:15,119 - INFO - Aggregating models for round 9
2024-12-14 14:41:15,546 - INFO - Round 9 completed. Global accuracy: 0.9690
2024-12-14 14:41:15,547 - INFO - 
Starting round 10/10
2024-12-14 14:41:15,547 - INFO - Training client 1/5 in round 10
2024-12-14 14:41:19,305 - INFO - Round 10, Client 1 training completed. Accuracy: 0.9879
2024-12-14 14:41:19,305 - INFO - Training client 2/5 in round 10
2024-12-14 14:41:23,063 - INFO - Round 10, Client 2 training completed. Accuracy: 0.9866
2024-12-14 14:41:23,063 - INFO - Training client 3/5 in round 10
2024-12-14 14:41:26,797 - INFO - Round 10, Client 3 training completed. Accuracy: 0.9928
2024-12-14 14:41:26,797 - INFO - Training client 4/5 in round 10
2024-12-14 14:41:30,516 - INFO - Round 10, Client 4 training completed. Accuracy: 0.9898
2024-12-14 14:41:30,516 - INFO - Training client 5/5 in round 10
2024-12-14 14:41:34,194 - INFO - Round 10, Client 5 training completed. Accuracy: 0.9838
2024-12-14 14:41:34,194 - INFO - Aggregating models for round 10
2024-12-14 14:41:34,641 - INFO - Round 10 completed. Global accuracy: 0.9715
2024-12-14 14:41:34,643 - INFO - Experiment with cwt completed successfully
2024-12-14 14:41:34,644 - INFO - Completed experiment with cwt
2024-12-14 14:41:34,644 - INFO - Starting experiment with dp_fedavg
2024-12-14 14:41:34,644 - INFO - Initializing experiment with dp_fedavg
2024-12-14 14:41:34,644 - INFO - Using device: cpu
2024-12-14 14:41:34,644 - INFO - Initializing global model
2024-12-14 14:41:34,645 - INFO - Loading and preparing data
2024-12-14 14:41:34,667 - INFO - Data loaded successfully. Number of clients: 5
2024-12-14 14:41:34,667 - INFO - Initializing clients
2024-12-14 14:41:34,669 - INFO - Initialized 5 clients successfully
2024-12-14 14:41:34,669 - INFO - 
Starting round 1/10
2024-12-14 14:41:34,669 - INFO - Training client 1/5 in round 1
2024-12-14 14:41:38,792 - INFO - Round 1, Client 1 training completed. Accuracy: 0.9055
2024-12-14 14:41:38,792 - INFO - Training client 2/5 in round 1
2024-12-14 14:41:43,132 - INFO - Round 1, Client 2 training completed. Accuracy: 0.9111
2024-12-14 14:41:43,132 - INFO - Training client 3/5 in round 1
2024-12-14 14:41:47,416 - INFO - Round 1, Client 3 training completed. Accuracy: 0.9042
2024-12-14 14:41:47,416 - INFO - Training client 4/5 in round 1
2024-12-14 14:41:51,639 - INFO - Round 1, Client 4 training completed. Accuracy: 0.8923
2024-12-14 14:41:51,640 - INFO - Training client 5/5 in round 1
2024-12-14 14:41:55,877 - INFO - Round 1, Client 5 training completed. Accuracy: 0.8792
2024-12-14 14:41:55,877 - INFO - Aggregating models for round 1
2024-12-14 14:41:56,342 - INFO - Round 1 completed. Global accuracy: 0.9065
2024-12-14 14:41:56,342 - INFO - 
Starting round 2/10
2024-12-14 14:41:56,343 - INFO - Training client 1/5 in round 2
2024-12-14 14:42:00,537 - INFO - Round 2, Client 1 training completed. Accuracy: 0.9171
2024-12-14 14:42:00,537 - INFO - Training client 2/5 in round 2
2024-12-14 14:42:04,761 - INFO - Round 2, Client 2 training completed. Accuracy: 0.9041
2024-12-14 14:42:04,761 - INFO - Training client 3/5 in round 2
2024-12-14 14:42:08,974 - INFO - Round 2, Client 3 training completed. Accuracy: 0.9110
2024-12-14 14:42:08,974 - INFO - Training client 4/5 in round 2
2024-12-14 14:42:13,182 - INFO - Round 2, Client 4 training completed. Accuracy: 0.9084
2024-12-14 14:42:13,182 - INFO - Training client 5/5 in round 2
2024-12-14 14:42:17,438 - INFO - Round 2, Client 5 training completed. Accuracy: 0.8921
2024-12-14 14:42:17,438 - INFO - Aggregating models for round 2
2024-12-14 14:42:17,906 - INFO - Round 2 completed. Global accuracy: 0.9207
2024-12-14 14:42:17,907 - INFO - 
Starting round 3/10
2024-12-14 14:42:17,907 - INFO - Training client 1/5 in round 3
2024-12-14 14:42:22,173 - INFO - Round 3, Client 1 training completed. Accuracy: 0.9097
2024-12-14 14:42:22,173 - INFO - Training client 2/5 in round 3
2024-12-14 14:42:26,445 - INFO - Round 3, Client 2 training completed. Accuracy: 0.9075
2024-12-14 14:42:26,445 - INFO - Training client 3/5 in round 3
2024-12-14 14:42:30,701 - INFO - Round 3, Client 3 training completed. Accuracy: 0.8992
2024-12-14 14:42:30,701 - INFO - Training client 4/5 in round 3
2024-12-14 14:42:34,947 - INFO - Round 3, Client 4 training completed. Accuracy: 0.8938
2024-12-14 14:42:34,947 - INFO - Training client 5/5 in round 3
2024-12-14 14:42:39,315 - INFO - Round 3, Client 5 training completed. Accuracy: 0.9071
2024-12-14 14:42:39,315 - INFO - Aggregating models for round 3
2024-12-14 14:42:39,783 - INFO - Round 3 completed. Global accuracy: 0.9224
2024-12-14 14:42:39,784 - INFO - 
Starting round 4/10
2024-12-14 14:42:39,784 - INFO - Training client 1/5 in round 4
2024-12-14 14:42:44,110 - INFO - Round 4, Client 1 training completed. Accuracy: 0.9163
2024-12-14 14:42:44,111 - INFO - Training client 2/5 in round 4
2024-12-14 14:42:48,237 - INFO - Round 4, Client 2 training completed. Accuracy: 0.9106
2024-12-14 14:42:48,238 - INFO - Training client 3/5 in round 4
2024-12-14 14:42:52,392 - INFO - Round 4, Client 3 training completed. Accuracy: 0.9183
2024-12-14 14:42:52,393 - INFO - Training client 4/5 in round 4
2024-12-14 14:42:56,530 - INFO - Round 4, Client 4 training completed. Accuracy: 0.8973
2024-12-14 14:42:56,531 - INFO - Training client 5/5 in round 4
2024-12-14 14:43:00,676 - INFO - Round 4, Client 5 training completed. Accuracy: 0.9083
2024-12-14 14:43:00,676 - INFO - Aggregating models for round 4
2024-12-14 14:43:01,125 - INFO - Round 4 completed. Global accuracy: 0.9256
2024-12-14 14:43:01,125 - INFO - 
Starting round 5/10
2024-12-14 14:43:01,125 - INFO - Training client 1/5 in round 5
2024-12-14 14:43:05,280 - INFO - Round 5, Client 1 training completed. Accuracy: 0.8957
2024-12-14 14:43:05,280 - INFO - Training client 2/5 in round 5
2024-12-14 14:43:09,430 - INFO - Round 5, Client 2 training completed. Accuracy: 0.9253
2024-12-14 14:43:09,430 - INFO - Training client 3/5 in round 5
2024-12-14 14:43:13,549 - INFO - Round 5, Client 3 training completed. Accuracy: 0.9047
2024-12-14 14:43:13,549 - INFO - Training client 4/5 in round 5
2024-12-14 14:43:17,675 - INFO - Round 5, Client 4 training completed. Accuracy: 0.9207
2024-12-14 14:43:17,675 - INFO - Training client 5/5 in round 5
2024-12-14 14:43:21,784 - INFO - Round 5, Client 5 training completed. Accuracy: 0.8772
2024-12-14 14:43:21,784 - INFO - Aggregating models for round 5
2024-12-14 14:43:22,225 - INFO - Round 5 completed. Global accuracy: 0.9181
2024-12-14 14:43:22,225 - INFO - 
Starting round 6/10
2024-12-14 14:43:22,226 - INFO - Training client 1/5 in round 6
2024-12-14 14:43:26,355 - INFO - Round 6, Client 1 training completed. Accuracy: 0.9259
2024-12-14 14:43:26,355 - INFO - Training client 2/5 in round 6
2024-12-14 14:43:30,494 - INFO - Round 6, Client 2 training completed. Accuracy: 0.9198
2024-12-14 14:43:30,494 - INFO - Training client 3/5 in round 6
2024-12-14 14:43:34,624 - INFO - Round 6, Client 3 training completed. Accuracy: 0.8980
2024-12-14 14:43:34,624 - INFO - Training client 4/5 in round 6
2024-12-14 14:43:38,933 - INFO - Round 6, Client 4 training completed. Accuracy: 0.8835
2024-12-14 14:43:38,933 - INFO - Training client 5/5 in round 6
2024-12-14 14:43:43,284 - INFO - Round 6, Client 5 training completed. Accuracy: 0.8994
2024-12-14 14:43:43,284 - INFO - Aggregating models for round 6
2024-12-14 14:43:43,758 - INFO - Round 6 completed. Global accuracy: 0.9249
2024-12-14 14:43:43,758 - INFO - 
Starting round 7/10
2024-12-14 14:43:43,758 - INFO - Training client 1/5 in round 7
2024-12-14 14:43:48,081 - INFO - Round 7, Client 1 training completed. Accuracy: 0.9109
2024-12-14 14:43:48,081 - INFO - Training client 2/5 in round 7
2024-12-14 14:43:52,437 - INFO - Round 7, Client 2 training completed. Accuracy: 0.9205
2024-12-14 14:43:52,437 - INFO - Training client 3/5 in round 7
2024-12-14 14:43:56,750 - INFO - Round 7, Client 3 training completed. Accuracy: 0.9018
2024-12-14 14:43:56,750 - INFO - Training client 4/5 in round 7
2024-12-14 14:44:01,053 - INFO - Round 7, Client 4 training completed. Accuracy: 0.9162
2024-12-14 14:44:01,054 - INFO - Training client 5/5 in round 7
2024-12-14 14:44:05,370 - INFO - Round 7, Client 5 training completed. Accuracy: 0.9233
2024-12-14 14:44:05,371 - INFO - Aggregating models for round 7
2024-12-14 14:44:05,834 - INFO - Round 7 completed. Global accuracy: 0.9246
2024-12-14 14:44:05,834 - INFO - 
Starting round 8/10
2024-12-14 14:44:05,834 - INFO - Training client 1/5 in round 8
2024-12-14 14:44:10,135 - INFO - Round 8, Client 1 training completed. Accuracy: 0.9267
2024-12-14 14:44:10,135 - INFO - Training client 2/5 in round 8
2024-12-14 14:44:14,381 - INFO - Round 8, Client 2 training completed. Accuracy: 0.9036
2024-12-14 14:44:14,381 - INFO - Training client 3/5 in round 8
2024-12-14 14:44:18,670 - INFO - Round 8, Client 3 training completed. Accuracy: 0.9075
2024-12-14 14:44:18,670 - INFO - Training client 4/5 in round 8
2024-12-14 14:44:22,913 - INFO - Round 8, Client 4 training completed. Accuracy: 0.9194
2024-12-14 14:44:22,913 - INFO - Training client 5/5 in round 8
2024-12-14 14:44:27,240 - INFO - Round 8, Client 5 training completed. Accuracy: 0.9227
2024-12-14 14:44:27,240 - INFO - Aggregating models for round 8
2024-12-14 14:44:27,699 - INFO - Round 8 completed. Global accuracy: 0.9236
2024-12-14 14:44:27,699 - INFO - 
Starting round 9/10
2024-12-14 14:44:27,699 - INFO - Training client 1/5 in round 9
2024-12-14 14:44:31,972 - INFO - Round 9, Client 1 training completed. Accuracy: 0.9182
2024-12-14 14:44:31,973 - INFO - Training client 2/5 in round 9
2024-12-14 14:44:36,231 - INFO - Round 9, Client 2 training completed. Accuracy: 0.9164
2024-12-14 14:44:36,231 - INFO - Training client 3/5 in round 9
2024-12-14 14:44:40,485 - INFO - Round 9, Client 3 training completed. Accuracy: 0.9041
2024-12-14 14:44:40,485 - INFO - Training client 4/5 in round 9
2024-12-14 14:44:44,759 - INFO - Round 9, Client 4 training completed. Accuracy: 0.9227
2024-12-14 14:44:44,759 - INFO - Training client 5/5 in round 9
2024-12-14 14:44:49,211 - INFO - Round 9, Client 5 training completed. Accuracy: 0.8995
2024-12-14 14:44:49,211 - INFO - Aggregating models for round 9
2024-12-14 14:44:49,663 - INFO - Round 9 completed. Global accuracy: 0.9240
2024-12-14 14:44:49,663 - INFO - 
Starting round 10/10
2024-12-14 14:44:49,663 - INFO - Training client 1/5 in round 10
2024-12-14 14:47:22,388 - INFO - Round 10, Client 1 training completed. Accuracy: 0.9194
2024-12-14 14:47:22,388 - INFO - Training client 2/5 in round 10
2024-12-14 14:47:26,521 - INFO - Round 10, Client 2 training completed. Accuracy: 0.8854
2024-12-14 14:47:26,521 - INFO - Training client 3/5 in round 10
2024-12-14 14:47:29,572 - INFO - Round 10, Client 3 training completed. Accuracy: 0.8918
2024-12-14 14:47:29,572 - INFO - Training client 4/5 in round 10
2024-12-14 14:47:32,653 - INFO - Round 10, Client 4 training completed. Accuracy: 0.9135
2024-12-14 14:47:32,653 - INFO - Training client 5/5 in round 10
2024-12-14 14:47:35,852 - INFO - Round 10, Client 5 training completed. Accuracy: 0.9275
2024-12-14 14:47:35,853 - INFO - Aggregating models for round 10
2024-12-14 14:47:36,199 - INFO - Round 10 completed. Global accuracy: 0.9250
2024-12-14 14:47:36,201 - INFO - Experiment with dp_fedavg completed successfully
2024-12-14 14:47:36,202 - INFO - Completed experiment with dp_fedavg
2024-12-14 14:47:37,312 - INFO - All experiments completed successfully
